2018-03-01  08:09:58.437 [main] DEBUG org.apache.ibatis.logging.LogFactory - Logging initialized using 'org.apache.ibatis.logging.slf4j.Slf4jImpl' adapter.
2018-03-01  08:09:58.616 [main] DEBUG org.mybatis.spring.SqlSessionFactoryBean - Parsed configuration file: 'class path resource [spring-mybatis.xml]'
2018-03-01  08:09:58.939 [main] DEBUG org.mybatis.spring.SqlSessionFactoryBean - Parsed mapper file: 'file [F:\JAVAworkspace\SpringMVC-Maven\target\classes\com\makerpol\mapper\NavMapper.xml]'
2018-03-01  08:09:59.005 [main] DEBUG org.mybatis.spring.SqlSessionFactoryBean - Parsed mapper file: 'file [F:\JAVAworkspace\SpringMVC-Maven\target\classes\com\makerpol\mapper\PaperMapper.xml]'
2018-03-01  08:09:59.020 [main] DEBUG org.mybatis.spring.SqlSessionFactoryBean - Parsed mapper file: 'file [F:\JAVAworkspace\SpringMVC-Maven\target\classes\com\makerpol\mapper\UserMapper.xml]'
2018-03-01  08:09:59.035 [main] DEBUG org.mybatis.spring.SqlSessionFactoryBean - Parsed mapper file: 'file [F:\JAVAworkspace\SpringMVC-Maven\target\classes\com\makerpol\mapper\VideoMpper.xml]'
2018-03-01  08:13:19.602 [qtp1715686600-14] DEBUG org.mybatis.spring.SqlSessionUtils - Creating a new SqlSession
2018-03-01  08:13:19.605 [qtp1715686600-14] DEBUG org.mybatis.spring.SqlSessionUtils - SqlSession [org.apache.ibatis.session.defaults.DefaultSqlSession@bdba921] was not registered for synchronization because synchronization is not active
2018-03-01  08:13:19.646 [qtp1715686600-14] DEBUG org.mybatis.spring.transaction.SpringManagedTransaction - JDBC Connection [com.mysql.jdbc.JDBC4Connection@322bd931] will not be managed by Spring
2018-03-01  08:13:19.647 [qtp1715686600-14] DEBUG com.makerpol.dao.UserMapper.getUserByName - ooo Using Connection [com.mysql.jdbc.JDBC4Connection@322bd931]
2018-03-01  08:13:19.649 [qtp1715686600-14] DEBUG com.makerpol.dao.UserMapper.getUserByName - ==>  Preparing: select * from tb_user where name = ? 
2018-03-01  08:13:19.665 [qtp1715686600-14] DEBUG com.makerpol.dao.UserMapper.getUserByName - ==> Parameters: admin(String)
2018-03-01  08:13:19.687 [qtp1715686600-14] DEBUG org.mybatis.spring.SqlSessionUtils - Closing non transactional SqlSession [org.apache.ibatis.session.defaults.DefaultSqlSession@bdba921]
2018-03-01  08:13:23.649 [qtp1715686600-28] DEBUG com.makerpol.Interceptor.BaseInterceptor - URL : /searchUser.do
2018-03-01  08:13:23.651 [qtp1715686600-28] DEBUG org.mybatis.spring.SqlSessionUtils - Creating a new SqlSession
2018-03-01  08:13:23.652 [qtp1715686600-28] DEBUG org.mybatis.spring.SqlSessionUtils - SqlSession [org.apache.ibatis.session.defaults.DefaultSqlSession@533657d2] was not registered for synchronization because synchronization is not active
2018-03-01  08:13:23.658 [qtp1715686600-28] DEBUG org.mybatis.spring.transaction.SpringManagedTransaction - JDBC Connection [com.mysql.jdbc.JDBC4Connection@5d0e0954] will not be managed by Spring
2018-03-01  08:13:23.658 [qtp1715686600-28] DEBUG com.makerpol.dao.UserMapper.getUserById - ooo Using Connection [com.mysql.jdbc.JDBC4Connection@5d0e0954]
2018-03-01  08:13:23.659 [qtp1715686600-28] DEBUG com.makerpol.dao.UserMapper.getUserById - ==>  Preparing: select * from tb_user where id = ? 
2018-03-01  08:13:23.659 [qtp1715686600-28] DEBUG com.makerpol.dao.UserMapper.getUserById - ==> Parameters: 1(Integer)
2018-03-01  08:13:23.663 [qtp1715686600-28] DEBUG org.mybatis.spring.SqlSessionUtils - Closing non transactional SqlSession [org.apache.ibatis.session.defaults.DefaultSqlSession@533657d2]
2018-03-01  08:13:27.962 [qtp1715686600-24] DEBUG com.makerpol.Interceptor.BaseInterceptor - URL : /uploadUserImage.do
2018-03-01  08:13:27.965 [qtp1715686600-24] DEBUG com.makerpol.controller.FileController - map     ###########
2018-03-01  08:13:27.967 [qtp1715686600-24] DEBUG org.mybatis.spring.SqlSessionUtils - Creating a new SqlSession
2018-03-01  08:13:27.967 [qtp1715686600-24] DEBUG org.mybatis.spring.SqlSessionUtils - SqlSession [org.apache.ibatis.session.defaults.DefaultSqlSession@4866335d] was not registered for synchronization because synchronization is not active
2018-03-01  08:13:27.993 [qtp1715686600-24] DEBUG org.mybatis.spring.transaction.SpringManagedTransaction - JDBC Connection [com.mysql.jdbc.JDBC4Connection@651a2b0a] will not be managed by Spring
2018-03-01  08:13:27.993 [qtp1715686600-24] DEBUG com.makerpol.dao.UserMapper.updataUser - ooo Using Connection [com.mysql.jdbc.JDBC4Connection@651a2b0a]
2018-03-01  08:13:27.993 [qtp1715686600-24] DEBUG com.makerpol.dao.UserMapper.updataUser - ==>  Preparing: update tb_user SET status = ?, grade = ?, password = ?, sex = ?, email = ?, birthday = ?, realname = ?, phone = ?, image = ? where id = ? 
2018-03-01  08:13:27.994 [qtp1715686600-24] DEBUG com.makerpol.dao.UserMapper.updataUser - ==> Parameters: 0(Integer), 0(Integer), E10ADC3949BA59ABBE56E057F20F883E(String), 0(Integer), ceshi@163.com(String), 2017-12-21(String), admin(String), 19216812233(String), /upload/images/admin/1518426023770.jpg(String), 1(Integer)
2018-03-01  08:13:28.067 [qtp1715686600-24] DEBUG org.mybatis.spring.SqlSessionUtils - Closing non transactional SqlSession [org.apache.ibatis.session.defaults.DefaultSqlSession@4866335d]
2018-03-01  08:13:28.157 [qtp1715686600-28] DEBUG org.mybatis.spring.SqlSessionUtils - Creating a new SqlSession
2018-03-01  08:13:28.158 [qtp1715686600-28] DEBUG org.mybatis.spring.SqlSessionUtils - SqlSession [org.apache.ibatis.session.defaults.DefaultSqlSession@aed3ddf] was not registered for synchronization because synchronization is not active
2018-03-01  08:13:28.166 [qtp1715686600-28] DEBUG org.mybatis.spring.transaction.SpringManagedTransaction - JDBC Connection [com.mysql.jdbc.JDBC4Connection@786740b3] will not be managed by Spring
2018-03-01  08:13:28.166 [qtp1715686600-28] DEBUG com.makerpol.dao.UserMapper.getUserByName - ooo Using Connection [com.mysql.jdbc.JDBC4Connection@786740b3]
2018-03-01  08:13:28.167 [qtp1715686600-28] DEBUG com.makerpol.dao.UserMapper.getUserByName - ==>  Preparing: select * from tb_user where name = ? 
2018-03-01  08:13:28.167 [qtp1715686600-28] DEBUG com.makerpol.dao.UserMapper.getUserByName - ==> Parameters: admin(String)
2018-03-01  08:13:28.171 [qtp1715686600-28] DEBUG org.mybatis.spring.SqlSessionUtils - Closing non transactional SqlSession [org.apache.ibatis.session.defaults.DefaultSqlSession@aed3ddf]
2018-03-01  08:13:28.340 [qtp1715686600-24] DEBUG com.makerpol.Interceptor.BaseInterceptor - URL : /searchUser.do
2018-03-01  08:13:28.341 [qtp1715686600-24] DEBUG org.mybatis.spring.SqlSessionUtils - Creating a new SqlSession
2018-03-01  08:13:28.341 [qtp1715686600-24] DEBUG org.mybatis.spring.SqlSessionUtils - SqlSession [org.apache.ibatis.session.defaults.DefaultSqlSession@3a6b3b3f] was not registered for synchronization because synchronization is not active
2018-03-01  08:13:28.347 [qtp1715686600-24] DEBUG org.mybatis.spring.transaction.SpringManagedTransaction - JDBC Connection [com.mysql.jdbc.JDBC4Connection@4b4d4230] will not be managed by Spring
2018-03-01  08:13:28.347 [qtp1715686600-24] DEBUG com.makerpol.dao.UserMapper.getUserById - ooo Using Connection [com.mysql.jdbc.JDBC4Connection@4b4d4230]
2018-03-01  08:13:28.348 [qtp1715686600-24] DEBUG com.makerpol.dao.UserMapper.getUserById - ==>  Preparing: select * from tb_user where id = ? 
2018-03-01  08:13:28.348 [qtp1715686600-24] DEBUG com.makerpol.dao.UserMapper.getUserById - ==> Parameters: 1(Integer)
2018-03-01  08:13:28.354 [qtp1715686600-24] DEBUG org.mybatis.spring.SqlSessionUtils - Closing non transactional SqlSession [org.apache.ibatis.session.defaults.DefaultSqlSession@3a6b3b3f]
2018-03-01  08:14:29.610 [qtp1715686600-20] DEBUG com.makerpol.Interceptor.BaseInterceptor - URL : /toPaperList.do
2018-03-01  08:14:29.913 [qtp1715686600-14] DEBUG com.makerpol.Interceptor.BaseInterceptor - URL : /getAllPaper.do
2018-03-01  08:14:29.915 [qtp1715686600-14] DEBUG org.mybatis.spring.SqlSessionUtils - Creating a new SqlSession
2018-03-01  08:14:29.915 [qtp1715686600-14] DEBUG org.mybatis.spring.SqlSessionUtils - SqlSession [org.apache.ibatis.session.defaults.DefaultSqlSession@53ba4942] was not registered for synchronization because synchronization is not active
2018-03-01  08:14:29.921 [qtp1715686600-14] DEBUG org.mybatis.spring.transaction.SpringManagedTransaction - JDBC Connection [com.mysql.jdbc.JDBC4Connection@354d2780] will not be managed by Spring
2018-03-01  08:14:29.922 [qtp1715686600-14] DEBUG com.makerpol.dao.PaperMapper.getPaperListByName - ooo Using Connection [com.mysql.jdbc.JDBC4Connection@354d2780]
2018-03-01  08:14:29.922 [qtp1715686600-14] DEBUG com.makerpol.dao.PaperMapper.getPaperListByName - ==>  Preparing: select * from (select * from tb_paper where paper_name like concat('%',?,'%')) as p limit ?,? 
2018-03-01  08:14:29.922 [qtp1715686600-14] DEBUG com.makerpol.dao.PaperMapper.getPaperListByName - ==> Parameters: (String), 0(Integer), 13(Integer)
2018-03-01  08:14:29.965 [qtp1715686600-14] DEBUG org.mybatis.spring.SqlSessionUtils - Closing non transactional SqlSession [org.apache.ibatis.session.defaults.DefaultSqlSession@53ba4942]
2018-03-01  08:14:29.965 [qtp1715686600-14] DEBUG org.mybatis.spring.SqlSessionUtils - Creating a new SqlSession
2018-03-01  08:14:29.966 [qtp1715686600-14] DEBUG org.mybatis.spring.SqlSessionUtils - SqlSession [org.apache.ibatis.session.defaults.DefaultSqlSession@19e7719d] was not registered for synchronization because synchronization is not active
2018-03-01  08:14:29.971 [qtp1715686600-14] DEBUG org.mybatis.spring.transaction.SpringManagedTransaction - JDBC Connection [com.mysql.jdbc.JDBC4Connection@128389cc] will not be managed by Spring
2018-03-01  08:14:29.971 [qtp1715686600-14] DEBUG com.makerpol.dao.PaperMapper.getPaperCount - ooo Using Connection [com.mysql.jdbc.JDBC4Connection@128389cc]
2018-03-01  08:14:29.972 [qtp1715686600-14] DEBUG com.makerpol.dao.PaperMapper.getPaperCount - ==>  Preparing: select count(id) from tb_paper where paper_name like concat('%',?,'%') 
2018-03-01  08:14:29.972 [qtp1715686600-14] DEBUG com.makerpol.dao.PaperMapper.getPaperCount - ==> Parameters: (String)
2018-03-01  08:14:29.976 [qtp1715686600-14] DEBUG org.mybatis.spring.SqlSessionUtils - Closing non transactional SqlSession [org.apache.ibatis.session.defaults.DefaultSqlSession@19e7719d]
2018-03-01  12:42:05.212 [main] DEBUG org.apache.ibatis.logging.LogFactory - Logging initialized using 'org.apache.ibatis.logging.slf4j.Slf4jImpl' adapter.
2018-03-01  12:42:05.307 [main] DEBUG org.mybatis.spring.SqlSessionFactoryBean - Parsed configuration file: 'class path resource [spring-mybatis.xml]'
2018-03-01  12:42:05.535 [main] DEBUG org.mybatis.spring.SqlSessionFactoryBean - Parsed mapper file: 'file [F:\JAVAworkspace\SpringMVC-Maven\target\classes\com\makerpol\mapper\FileMapper.xml]'
2018-03-01  12:42:05.550 [main] DEBUG org.mybatis.spring.SqlSessionFactoryBean - Parsed mapper file: 'file [F:\JAVAworkspace\SpringMVC-Maven\target\classes\com\makerpol\mapper\NavMapper.xml]'
2018-03-01  12:42:05.567 [main] DEBUG org.mybatis.spring.SqlSessionFactoryBean - Parsed mapper file: 'file [F:\JAVAworkspace\SpringMVC-Maven\target\classes\com\makerpol\mapper\PaperMapper.xml]'
2018-03-01  12:42:05.576 [main] DEBUG org.mybatis.spring.SqlSessionFactoryBean - Parsed mapper file: 'file [F:\JAVAworkspace\SpringMVC-Maven\target\classes\com\makerpol\mapper\UserMapper.xml]'
2018-03-01  12:42:05.589 [main] DEBUG org.mybatis.spring.SqlSessionFactoryBean - Parsed mapper file: 'file [F:\JAVAworkspace\SpringMVC-Maven\target\classes\com\makerpol\mapper\VideoMpper.xml]'
2018-03-01  12:42:45.351 [main] DEBUG org.apache.ibatis.logging.LogFactory - Logging initialized using 'org.apache.ibatis.logging.slf4j.Slf4jImpl' adapter.
2018-03-01  12:42:45.449 [main] DEBUG org.mybatis.spring.SqlSessionFactoryBean - Parsed configuration file: 'class path resource [spring-mybatis.xml]'
2018-03-01  12:42:45.678 [main] DEBUG org.mybatis.spring.SqlSessionFactoryBean - Parsed mapper file: 'file [F:\JAVAworkspace\SpringMVC-Maven\target\classes\com\makerpol\mapper\FileMapper.xml]'
2018-03-01  12:42:45.689 [main] DEBUG org.mybatis.spring.SqlSessionFactoryBean - Parsed mapper file: 'file [F:\JAVAworkspace\SpringMVC-Maven\target\classes\com\makerpol\mapper\NavMapper.xml]'
2018-03-01  12:42:45.704 [main] DEBUG org.mybatis.spring.SqlSessionFactoryBean - Parsed mapper file: 'file [F:\JAVAworkspace\SpringMVC-Maven\target\classes\com\makerpol\mapper\PaperMapper.xml]'
2018-03-01  12:42:45.714 [main] DEBUG org.mybatis.spring.SqlSessionFactoryBean - Parsed mapper file: 'file [F:\JAVAworkspace\SpringMVC-Maven\target\classes\com\makerpol\mapper\UserMapper.xml]'
2018-03-01  12:42:45.722 [main] DEBUG org.mybatis.spring.SqlSessionFactoryBean - Parsed mapper file: 'file [F:\JAVAworkspace\SpringMVC-Maven\target\classes\com\makerpol\mapper\VideoMpper.xml]'
2018-03-01  12:42:53.185 [qtp1702478809-21] DEBUG org.mybatis.spring.SqlSessionUtils - Creating a new SqlSession
2018-03-01  12:42:53.188 [qtp1702478809-21] DEBUG org.mybatis.spring.SqlSessionUtils - SqlSession [org.apache.ibatis.session.defaults.DefaultSqlSession@224145c8] was not registered for synchronization because synchronization is not active
2018-03-01  12:42:53.214 [qtp1702478809-21] DEBUG org.mybatis.spring.transaction.SpringManagedTransaction - JDBC Connection [com.mysql.jdbc.JDBC4Connection@3d9d2499] will not be managed by Spring
2018-03-01  12:42:53.216 [qtp1702478809-21] DEBUG com.makerpol.dao.UserMapper.getUserByName - ooo Using Connection [com.mysql.jdbc.JDBC4Connection@3d9d2499]
2018-03-01  12:42:53.218 [qtp1702478809-21] DEBUG com.makerpol.dao.UserMapper.getUserByName - ==>  Preparing: select * from tb_user where name = ? 
2018-03-01  12:42:53.236 [qtp1702478809-21] DEBUG com.makerpol.dao.UserMapper.getUserByName - ==> Parameters: admin(String)
2018-03-01  12:42:53.247 [qtp1702478809-21] DEBUG org.mybatis.spring.SqlSessionUtils - Closing non transactional SqlSession [org.apache.ibatis.session.defaults.DefaultSqlSession@224145c8]
2018-03-01  12:42:57.243 [qtp1702478809-27] DEBUG com.makerpol.Interceptor.BaseInterceptor - URL : /toPaperList.do
2018-03-01  12:42:57.446 [qtp1702478809-15] DEBUG com.makerpol.Interceptor.BaseInterceptor - URL : /getAllPaper.do
2018-03-01  12:42:57.449 [qtp1702478809-15] DEBUG org.mybatis.spring.SqlSessionUtils - Creating a new SqlSession
2018-03-01  12:42:57.456 [qtp1702478809-15] DEBUG org.mybatis.spring.SqlSessionUtils - SqlSession [org.apache.ibatis.session.defaults.DefaultSqlSession@dcb6300] was not registered for synchronization because synchronization is not active
2018-03-01  12:42:57.463 [qtp1702478809-15] DEBUG org.mybatis.spring.transaction.SpringManagedTransaction - JDBC Connection [com.mysql.jdbc.JDBC4Connection@34580f28] will not be managed by Spring
2018-03-01  12:42:57.463 [qtp1702478809-15] DEBUG com.makerpol.dao.PaperMapper.getPaperListByName - ooo Using Connection [com.mysql.jdbc.JDBC4Connection@34580f28]
2018-03-01  12:42:57.464 [qtp1702478809-15] DEBUG com.makerpol.dao.PaperMapper.getPaperListByName - ==>  Preparing: select * from (select * from tb_paper where paper_name like concat('%',?,'%')) as p limit ?,? 
2018-03-01  12:42:57.465 [qtp1702478809-15] DEBUG com.makerpol.dao.PaperMapper.getPaperListByName - ==> Parameters: (String), 0(Integer), 13(Integer)
2018-03-01  12:42:57.486 [qtp1702478809-15] DEBUG org.mybatis.spring.SqlSessionUtils - Closing non transactional SqlSession [org.apache.ibatis.session.defaults.DefaultSqlSession@dcb6300]
2018-03-01  12:42:57.487 [qtp1702478809-15] DEBUG org.mybatis.spring.SqlSessionUtils - Creating a new SqlSession
2018-03-01  12:42:57.487 [qtp1702478809-15] DEBUG org.mybatis.spring.SqlSessionUtils - SqlSession [org.apache.ibatis.session.defaults.DefaultSqlSession@522dd7a4] was not registered for synchronization because synchronization is not active
2018-03-01  12:42:57.516 [qtp1702478809-15] DEBUG org.mybatis.spring.transaction.SpringManagedTransaction - JDBC Connection [com.mysql.jdbc.JDBC4Connection@60bd824] will not be managed by Spring
2018-03-01  12:42:57.516 [qtp1702478809-15] DEBUG com.makerpol.dao.PaperMapper.getPaperCount - ooo Using Connection [com.mysql.jdbc.JDBC4Connection@60bd824]
2018-03-01  12:42:57.517 [qtp1702478809-15] DEBUG com.makerpol.dao.PaperMapper.getPaperCount - ==>  Preparing: select count(id) from tb_paper where paper_name like concat('%',?,'%') 
2018-03-01  12:42:57.524 [qtp1702478809-15] DEBUG com.makerpol.dao.PaperMapper.getPaperCount - ==> Parameters: (String)
2018-03-01  12:42:57.528 [qtp1702478809-15] DEBUG org.mybatis.spring.SqlSessionUtils - Closing non transactional SqlSession [org.apache.ibatis.session.defaults.DefaultSqlSession@522dd7a4]
2018-03-01  12:42:58.251 [qtp1702478809-16] DEBUG com.makerpol.Interceptor.BaseInterceptor - URL : /userList.do
2018-03-01  12:42:58.383 [qtp1702478809-28] DEBUG com.makerpol.Interceptor.BaseInterceptor - URL : /getUserList.do
2018-03-01  12:42:58.385 [qtp1702478809-28] DEBUG org.mybatis.spring.SqlSessionUtils - Creating a new SqlSession
2018-03-01  12:42:58.385 [qtp1702478809-28] DEBUG org.mybatis.spring.SqlSessionUtils - SqlSession [org.apache.ibatis.session.defaults.DefaultSqlSession@17765aec] was not registered for synchronization because synchronization is not active
2018-03-01  12:42:58.397 [qtp1702478809-28] DEBUG org.mybatis.spring.transaction.SpringManagedTransaction - JDBC Connection [com.mysql.jdbc.JDBC4Connection@5d6c8f3e] will not be managed by Spring
2018-03-01  12:42:58.397 [qtp1702478809-28] DEBUG com.makerpol.dao.UserMapper.getUserList - ooo Using Connection [com.mysql.jdbc.JDBC4Connection@5d6c8f3e]
2018-03-01  12:42:58.401 [qtp1702478809-28] DEBUG com.makerpol.dao.UserMapper.getUserList - ==>  Preparing: select * from (select * from tb_user where name like concat('%',?,'%')) as u limit ?,? 
2018-03-01  12:42:58.401 [qtp1702478809-28] DEBUG com.makerpol.dao.UserMapper.getUserList - ==> Parameters: (String), 0(Integer), 13(Integer)
2018-03-01  12:42:58.415 [qtp1702478809-28] DEBUG org.mybatis.spring.SqlSessionUtils - Closing non transactional SqlSession [org.apache.ibatis.session.defaults.DefaultSqlSession@17765aec]
2018-03-01  12:42:58.416 [qtp1702478809-28] DEBUG org.mybatis.spring.SqlSessionUtils - Creating a new SqlSession
2018-03-01  12:42:58.416 [qtp1702478809-28] DEBUG org.mybatis.spring.SqlSessionUtils - SqlSession [org.apache.ibatis.session.defaults.DefaultSqlSession@21731321] was not registered for synchronization because synchronization is not active
2018-03-01  12:42:58.422 [qtp1702478809-28] DEBUG org.mybatis.spring.transaction.SpringManagedTransaction - JDBC Connection [com.mysql.jdbc.JDBC4Connection@2628b8d] will not be managed by Spring
2018-03-01  12:42:58.424 [qtp1702478809-28] DEBUG com.makerpol.dao.UserMapper.getCount - ooo Using Connection [com.mysql.jdbc.JDBC4Connection@2628b8d]
2018-03-01  12:42:58.425 [qtp1702478809-28] DEBUG com.makerpol.dao.UserMapper.getCount - ==>  Preparing: select count(id) from tb_user where name like concat('%',?,'%') 
2018-03-01  12:42:58.428 [qtp1702478809-28] DEBUG com.makerpol.dao.UserMapper.getCount - ==> Parameters: (String)
2018-03-01  12:42:58.432 [qtp1702478809-28] DEBUG org.mybatis.spring.SqlSessionUtils - Closing non transactional SqlSession [org.apache.ibatis.session.defaults.DefaultSqlSession@21731321]
2018-03-01  12:43:04.178 [qtp1702478809-24] DEBUG org.mybatis.spring.SqlSessionUtils - Creating a new SqlSession
2018-03-01  12:43:04.178 [qtp1702478809-24] DEBUG org.mybatis.spring.SqlSessionUtils - SqlSession [org.apache.ibatis.session.defaults.DefaultSqlSession@7183f610] was not registered for synchronization because synchronization is not active
2018-03-01  12:43:04.186 [qtp1702478809-24] DEBUG org.mybatis.spring.transaction.SpringManagedTransaction - JDBC Connection [com.mysql.jdbc.JDBC4Connection@17c1b824] will not be managed by Spring
2018-03-01  12:43:04.186 [qtp1702478809-24] DEBUG com.makerpol.dao.UserMapper.getUserByName - ooo Using Connection [com.mysql.jdbc.JDBC4Connection@17c1b824]
2018-03-01  12:43:04.187 [qtp1702478809-24] DEBUG com.makerpol.dao.UserMapper.getUserByName - ==>  Preparing: select * from tb_user where name = ? 
2018-03-01  12:43:04.187 [qtp1702478809-24] DEBUG com.makerpol.dao.UserMapper.getUserByName - ==> Parameters: admin(String)
2018-03-01  12:43:04.191 [qtp1702478809-24] DEBUG org.mybatis.spring.SqlSessionUtils - Closing non transactional SqlSession [org.apache.ibatis.session.defaults.DefaultSqlSession@7183f610]
2018-03-01  12:43:04.474 [qtp1702478809-16] DEBUG com.makerpol.Interceptor.BaseInterceptor - URL : /toPaperList.do
2018-03-01  12:43:04.477 [qtp1702478809-27] DEBUG com.makerpol.Interceptor.BaseInterceptor - URL : /userList.do
2018-03-01  12:43:04.558 [qtp1702478809-21] DEBUG com.makerpol.Interceptor.BaseInterceptor - URL : /getUserList.do
2018-03-01  12:43:04.559 [qtp1702478809-21] DEBUG org.mybatis.spring.SqlSessionUtils - Creating a new SqlSession
2018-03-01  12:43:04.560 [qtp1702478809-21] DEBUG org.mybatis.spring.SqlSessionUtils - SqlSession [org.apache.ibatis.session.defaults.DefaultSqlSession@3fc3774c] was not registered for synchronization because synchronization is not active
2018-03-01  12:43:04.561 [qtp1702478809-19] DEBUG com.makerpol.Interceptor.BaseInterceptor - URL : /getAllPaper.do
2018-03-01  12:43:04.563 [qtp1702478809-19] DEBUG org.mybatis.spring.SqlSessionUtils - Creating a new SqlSession
2018-03-01  12:43:04.564 [qtp1702478809-19] DEBUG org.mybatis.spring.SqlSessionUtils - SqlSession [org.apache.ibatis.session.defaults.DefaultSqlSession@35c7bef8] was not registered for synchronization because synchronization is not active
2018-03-01  12:43:04.571 [qtp1702478809-21] DEBUG org.mybatis.spring.transaction.SpringManagedTransaction - JDBC Connection [com.mysql.jdbc.JDBC4Connection@164440e7] will not be managed by Spring
2018-03-01  12:43:04.571 [qtp1702478809-19] DEBUG org.mybatis.spring.transaction.SpringManagedTransaction - JDBC Connection [com.mysql.jdbc.JDBC4Connection@1ea06045] will not be managed by Spring
2018-03-01  12:43:04.571 [qtp1702478809-21] DEBUG com.makerpol.dao.UserMapper.getUserList - ooo Using Connection [com.mysql.jdbc.JDBC4Connection@164440e7]
2018-03-01  12:43:04.576 [qtp1702478809-19] DEBUG com.makerpol.dao.PaperMapper.getPaperListByName - ooo Using Connection [com.mysql.jdbc.JDBC4Connection@1ea06045]
2018-03-01  12:43:04.576 [qtp1702478809-21] DEBUG com.makerpol.dao.UserMapper.getUserList - ==>  Preparing: select * from (select * from tb_user where name like concat('%',?,'%')) as u limit ?,? 
2018-03-01  12:43:04.577 [qtp1702478809-19] DEBUG com.makerpol.dao.PaperMapper.getPaperListByName - ==>  Preparing: select * from (select * from tb_paper where paper_name like concat('%',?,'%')) as p limit ?,? 
2018-03-01  12:43:04.577 [qtp1702478809-21] DEBUG com.makerpol.dao.UserMapper.getUserList - ==> Parameters: (String), 0(Integer), 13(Integer)
2018-03-01  12:43:04.578 [qtp1702478809-19] DEBUG com.makerpol.dao.PaperMapper.getPaperListByName - ==> Parameters: (String), 0(Integer), 13(Integer)
2018-03-01  12:43:04.580 [qtp1702478809-21] DEBUG org.mybatis.spring.SqlSessionUtils - Closing non transactional SqlSession [org.apache.ibatis.session.defaults.DefaultSqlSession@3fc3774c]
2018-03-01  12:43:04.589 [qtp1702478809-19] DEBUG org.mybatis.spring.SqlSessionUtils - Closing non transactional SqlSession [org.apache.ibatis.session.defaults.DefaultSqlSession@35c7bef8]
2018-03-01  12:43:04.589 [qtp1702478809-21] DEBUG org.mybatis.spring.SqlSessionUtils - Creating a new SqlSession
2018-03-01  12:43:04.590 [qtp1702478809-19] DEBUG org.mybatis.spring.SqlSessionUtils - Creating a new SqlSession
2018-03-01  12:43:04.595 [qtp1702478809-21] DEBUG org.mybatis.spring.SqlSessionUtils - SqlSession [org.apache.ibatis.session.defaults.DefaultSqlSession@3c53c83] was not registered for synchronization because synchronization is not active
2018-03-01  12:43:04.596 [qtp1702478809-19] DEBUG org.mybatis.spring.SqlSessionUtils - SqlSession [org.apache.ibatis.session.defaults.DefaultSqlSession@51d6a375] was not registered for synchronization because synchronization is not active
2018-03-01  12:43:04.606 [qtp1702478809-21] DEBUG org.mybatis.spring.transaction.SpringManagedTransaction - JDBC Connection [com.mysql.jdbc.JDBC4Connection@25d2b41f] will not be managed by Spring
2018-03-01  12:43:04.606 [qtp1702478809-19] DEBUG org.mybatis.spring.transaction.SpringManagedTransaction - JDBC Connection [com.mysql.jdbc.JDBC4Connection@5576bb4f] will not be managed by Spring
2018-03-01  12:43:04.610 [qtp1702478809-21] DEBUG com.makerpol.dao.UserMapper.getCount - ooo Using Connection [com.mysql.jdbc.JDBC4Connection@25d2b41f]
2018-03-01  12:43:04.611 [qtp1702478809-19] DEBUG com.makerpol.dao.PaperMapper.getPaperCount - ooo Using Connection [com.mysql.jdbc.JDBC4Connection@5576bb4f]
2018-03-01  12:43:04.614 [qtp1702478809-21] DEBUG com.makerpol.dao.UserMapper.getCount - ==>  Preparing: select count(id) from tb_user where name like concat('%',?,'%') 
2018-03-01  12:43:04.614 [qtp1702478809-19] DEBUG com.makerpol.dao.PaperMapper.getPaperCount - ==>  Preparing: select count(id) from tb_paper where paper_name like concat('%',?,'%') 
2018-03-01  12:43:04.615 [qtp1702478809-21] DEBUG com.makerpol.dao.UserMapper.getCount - ==> Parameters: (String)
2018-03-01  12:43:04.615 [qtp1702478809-19] DEBUG com.makerpol.dao.PaperMapper.getPaperCount - ==> Parameters: (String)
2018-03-01  12:43:04.622 [qtp1702478809-21] DEBUG org.mybatis.spring.SqlSessionUtils - Closing non transactional SqlSession [org.apache.ibatis.session.defaults.DefaultSqlSession@3c53c83]
2018-03-01  12:43:04.628 [qtp1702478809-19] DEBUG org.mybatis.spring.SqlSessionUtils - Closing non transactional SqlSession [org.apache.ibatis.session.defaults.DefaultSqlSession@51d6a375]
2018-03-01  15:45:15.520 [main] DEBUG org.apache.ibatis.logging.LogFactory - Logging initialized using 'org.apache.ibatis.logging.slf4j.Slf4jImpl' adapter.
2018-03-01  15:45:15.601 [main] DEBUG org.mybatis.spring.SqlSessionFactoryBean - Parsed configuration file: 'class path resource [spring-mybatis.xml]'
2018-03-01  15:45:15.823 [main] DEBUG org.mybatis.spring.SqlSessionFactoryBean - Parsed mapper file: 'file [F:\JAVAworkspace\SpringMVC-Maven\target\classes\com\makerpol\mapper\FileMapper.xml]'
2018-03-01  15:45:15.837 [main] DEBUG org.mybatis.spring.SqlSessionFactoryBean - Parsed mapper file: 'file [F:\JAVAworkspace\SpringMVC-Maven\target\classes\com\makerpol\mapper\NavMapper.xml]'
2018-03-01  15:45:15.852 [main] DEBUG org.mybatis.spring.SqlSessionFactoryBean - Parsed mapper file: 'file [F:\JAVAworkspace\SpringMVC-Maven\target\classes\com\makerpol\mapper\PaperMapper.xml]'
2018-03-01  15:45:15.861 [main] DEBUG org.mybatis.spring.SqlSessionFactoryBean - Parsed mapper file: 'file [F:\JAVAworkspace\SpringMVC-Maven\target\classes\com\makerpol\mapper\UserMapper.xml]'
2018-03-01  15:45:15.869 [main] DEBUG org.mybatis.spring.SqlSessionFactoryBean - Parsed mapper file: 'file [F:\JAVAworkspace\SpringMVC-Maven\target\classes\com\makerpol\mapper\VideoMpper.xml]'
2018-03-01  15:45:47.443 [qtp1715686600-19] DEBUG org.mybatis.spring.SqlSessionUtils - Creating a new SqlSession
2018-03-01  15:45:47.446 [qtp1715686600-19] DEBUG org.mybatis.spring.SqlSessionUtils - SqlSession [org.apache.ibatis.session.defaults.DefaultSqlSession@38fdf5df] was not registered for synchronization because synchronization is not active
2018-03-01  15:45:47.473 [qtp1715686600-19] DEBUG org.mybatis.spring.transaction.SpringManagedTransaction - JDBC Connection [com.mysql.jdbc.JDBC4Connection@345c08ec] will not be managed by Spring
2018-03-01  15:45:47.475 [qtp1715686600-19] DEBUG com.makerpol.dao.UserMapper.getUserByName - ooo Using Connection [com.mysql.jdbc.JDBC4Connection@345c08ec]
2018-03-01  15:45:47.477 [qtp1715686600-19] DEBUG com.makerpol.dao.UserMapper.getUserByName - ==>  Preparing: select * from tb_user where name = ? 
2018-03-01  15:45:47.494 [qtp1715686600-19] DEBUG com.makerpol.dao.UserMapper.getUserByName - ==> Parameters: admin(String)
2018-03-01  15:45:47.507 [qtp1715686600-19] DEBUG org.mybatis.spring.SqlSessionUtils - Closing non transactional SqlSession [org.apache.ibatis.session.defaults.DefaultSqlSession@38fdf5df]
2018-03-01  15:45:58.196 [qtp1715686600-24] DEBUG com.makerpol.Interceptor.BaseInterceptor - URL : /userList.do
2018-03-01  15:45:58.303 [qtp1715686600-27] DEBUG com.makerpol.Interceptor.BaseInterceptor - URL : /getUserList.do
2018-03-01  15:45:58.308 [qtp1715686600-27] DEBUG org.mybatis.spring.SqlSessionUtils - Creating a new SqlSession
2018-03-01  15:45:58.308 [qtp1715686600-27] DEBUG org.mybatis.spring.SqlSessionUtils - SqlSession [org.apache.ibatis.session.defaults.DefaultSqlSession@1fd30d6c] was not registered for synchronization because synchronization is not active
2018-03-01  15:45:58.316 [qtp1715686600-27] DEBUG org.mybatis.spring.transaction.SpringManagedTransaction - JDBC Connection [com.mysql.jdbc.JDBC4Connection@2488825] will not be managed by Spring
2018-03-01  15:45:58.317 [qtp1715686600-27] DEBUG com.makerpol.dao.UserMapper.getUserList - ooo Using Connection [com.mysql.jdbc.JDBC4Connection@2488825]
2018-03-01  15:45:58.317 [qtp1715686600-27] DEBUG com.makerpol.dao.UserMapper.getUserList - ==>  Preparing: select * from (select * from tb_user where name like concat('%',?,'%')) as u limit ?,? 
2018-03-01  15:45:58.319 [qtp1715686600-27] DEBUG com.makerpol.dao.UserMapper.getUserList - ==> Parameters: (String), 0(Integer), 13(Integer)
2018-03-01  15:45:58.327 [qtp1715686600-27] DEBUG org.mybatis.spring.SqlSessionUtils - Closing non transactional SqlSession [org.apache.ibatis.session.defaults.DefaultSqlSession@1fd30d6c]
2018-03-01  15:45:58.327 [qtp1715686600-27] DEBUG org.mybatis.spring.SqlSessionUtils - Creating a new SqlSession
2018-03-01  15:45:58.328 [qtp1715686600-27] DEBUG org.mybatis.spring.SqlSessionUtils - SqlSession [org.apache.ibatis.session.defaults.DefaultSqlSession@32948780] was not registered for synchronization because synchronization is not active
2018-03-01  15:45:58.352 [qtp1715686600-27] DEBUG org.mybatis.spring.transaction.SpringManagedTransaction - JDBC Connection [com.mysql.jdbc.JDBC4Connection@418d3bed] will not be managed by Spring
2018-03-01  15:45:58.353 [qtp1715686600-27] DEBUG com.makerpol.dao.UserMapper.getCount - ooo Using Connection [com.mysql.jdbc.JDBC4Connection@418d3bed]
2018-03-01  15:45:58.353 [qtp1715686600-27] DEBUG com.makerpol.dao.UserMapper.getCount - ==>  Preparing: select count(id) from tb_user where name like concat('%',?,'%') 
2018-03-01  15:45:58.356 [qtp1715686600-27] DEBUG com.makerpol.dao.UserMapper.getCount - ==> Parameters: (String)
2018-03-01  15:45:58.359 [qtp1715686600-27] DEBUG org.mybatis.spring.SqlSessionUtils - Closing non transactional SqlSession [org.apache.ibatis.session.defaults.DefaultSqlSession@32948780]
2018-03-01  15:45:59.205 [qtp1715686600-19] DEBUG com.makerpol.Interceptor.BaseInterceptor - URL : /toPaperList.do
2018-03-01  15:45:59.301 [qtp1715686600-24] DEBUG com.makerpol.Interceptor.BaseInterceptor - URL : /getAllPaper.do
2018-03-01  15:45:59.303 [qtp1715686600-24] DEBUG org.mybatis.spring.SqlSessionUtils - Creating a new SqlSession
2018-03-01  15:45:59.304 [qtp1715686600-24] DEBUG org.mybatis.spring.SqlSessionUtils - SqlSession [org.apache.ibatis.session.defaults.DefaultSqlSession@4026d306] was not registered for synchronization because synchronization is not active
2018-03-01  15:45:59.312 [qtp1715686600-24] DEBUG org.mybatis.spring.transaction.SpringManagedTransaction - JDBC Connection [com.mysql.jdbc.JDBC4Connection@3f98bd71] will not be managed by Spring
2018-03-01  15:45:59.313 [qtp1715686600-24] DEBUG com.makerpol.dao.PaperMapper.getPaperListByName - ooo Using Connection [com.mysql.jdbc.JDBC4Connection@3f98bd71]
2018-03-01  15:45:59.313 [qtp1715686600-24] DEBUG com.makerpol.dao.PaperMapper.getPaperListByName - ==>  Preparing: select * from (select * from tb_paper where paper_name like concat('%',?,'%')) as p limit ?,? 
2018-03-01  15:45:59.315 [qtp1715686600-24] DEBUG com.makerpol.dao.PaperMapper.getPaperListByName - ==> Parameters: (String), 0(Integer), 13(Integer)
2018-03-01  15:45:59.326 [qtp1715686600-24] DEBUG org.mybatis.spring.SqlSessionUtils - Closing non transactional SqlSession [org.apache.ibatis.session.defaults.DefaultSqlSession@4026d306]
2018-03-01  15:45:59.327 [qtp1715686600-24] DEBUG org.mybatis.spring.SqlSessionUtils - Creating a new SqlSession
2018-03-01  15:45:59.327 [qtp1715686600-24] DEBUG org.mybatis.spring.SqlSessionUtils - SqlSession [org.apache.ibatis.session.defaults.DefaultSqlSession@75ae7a7e] was not registered for synchronization because synchronization is not active
2018-03-01  15:45:59.335 [qtp1715686600-24] DEBUG org.mybatis.spring.transaction.SpringManagedTransaction - JDBC Connection [com.mysql.jdbc.JDBC4Connection@2d3a2733] will not be managed by Spring
2018-03-01  15:45:59.335 [qtp1715686600-24] DEBUG com.makerpol.dao.PaperMapper.getPaperCount - ooo Using Connection [com.mysql.jdbc.JDBC4Connection@2d3a2733]
2018-03-01  15:45:59.336 [qtp1715686600-24] DEBUG com.makerpol.dao.PaperMapper.getPaperCount - ==>  Preparing: select count(id) from tb_paper where paper_name like concat('%',?,'%') 
2018-03-01  15:45:59.337 [qtp1715686600-24] DEBUG com.makerpol.dao.PaperMapper.getPaperCount - ==> Parameters: (String)
2018-03-01  15:45:59.363 [qtp1715686600-24] DEBUG org.mybatis.spring.SqlSessionUtils - Closing non transactional SqlSession [org.apache.ibatis.session.defaults.DefaultSqlSession@75ae7a7e]
