2018-02-22  08:20:55.059 [main] DEBUG org.apache.ibatis.logging.LogFactory - Logging initialized using 'org.apache.ibatis.logging.slf4j.Slf4jImpl' adapter.
2018-02-22  08:20:55.215 [main] DEBUG org.mybatis.spring.SqlSessionFactoryBean - Parsed configuration file: 'class path resource [spring-mybatis.xml]'
2018-02-22  08:20:55.484 [main] DEBUG org.mybatis.spring.SqlSessionFactoryBean - Parsed mapper file: 'file [F:\JAVAworkspace\SpringMVC-Maven\target\classes\com\makerpol\mapper\NavMapper.xml]'
2018-02-22  08:20:55.524 [main] DEBUG org.mybatis.spring.SqlSessionFactoryBean - Parsed mapper file: 'file [F:\JAVAworkspace\SpringMVC-Maven\target\classes\com\makerpol\mapper\PaperMapper.xml]'
2018-02-22  08:20:55.535 [main] DEBUG org.mybatis.spring.SqlSessionFactoryBean - Parsed mapper file: 'file [F:\JAVAworkspace\SpringMVC-Maven\target\classes\com\makerpol\mapper\UserMapper.xml]'
2018-02-22  08:21:15.549 [qtp1715686600-25] DEBUG org.mybatis.spring.SqlSessionUtils - Creating a new SqlSession
2018-02-22  08:21:15.552 [qtp1715686600-25] DEBUG org.mybatis.spring.SqlSessionUtils - SqlSession [org.apache.ibatis.session.defaults.DefaultSqlSession@f5f8778] was not registered for synchronization because synchronization is not active
2018-02-22  08:21:15.592 [qtp1715686600-25] DEBUG org.mybatis.spring.transaction.SpringManagedTransaction - JDBC Connection [com.mysql.jdbc.JDBC4Connection@12e63f41] will not be managed by Spring
2018-02-22  08:21:15.593 [qtp1715686600-25] DEBUG com.makerpol.dao.UserMapper.getUserByName - ooo Using Connection [com.mysql.jdbc.JDBC4Connection@12e63f41]
2018-02-22  08:21:15.596 [qtp1715686600-25] DEBUG com.makerpol.dao.UserMapper.getUserByName - ==>  Preparing: select * from tb_user where name = ? 
2018-02-22  08:21:15.611 [qtp1715686600-25] DEBUG com.makerpol.dao.UserMapper.getUserByName - ==> Parameters: admin(String)
2018-02-22  08:21:15.621 [qtp1715686600-25] DEBUG org.mybatis.spring.SqlSessionUtils - Closing non transactional SqlSession [org.apache.ibatis.session.defaults.DefaultSqlSession@f5f8778]
2018-02-22  08:40:36.066 [main] DEBUG org.apache.ibatis.logging.LogFactory - Logging initialized using 'org.apache.ibatis.logging.slf4j.Slf4jImpl' adapter.
2018-02-22  08:40:36.173 [main] DEBUG org.mybatis.spring.SqlSessionFactoryBean - Parsed configuration file: 'class path resource [spring-mybatis.xml]'
2018-02-22  08:40:36.456 [main] DEBUG org.mybatis.spring.SqlSessionFactoryBean - Parsed mapper file: 'file [F:\JAVAworkspace\SpringMVC-Maven\target\classes\com\makerpol\mapper\NavMapper.xml]'
2018-02-22  08:40:36.477 [main] DEBUG org.mybatis.spring.SqlSessionFactoryBean - Parsed mapper file: 'file [F:\JAVAworkspace\SpringMVC-Maven\target\classes\com\makerpol\mapper\PaperMapper.xml]'
2018-02-22  08:40:36.493 [main] DEBUG org.mybatis.spring.SqlSessionFactoryBean - Parsed mapper file: 'file [F:\JAVAworkspace\SpringMVC-Maven\target\classes\com\makerpol\mapper\UserMapper.xml]'
2018-02-22  08:40:43.681 [qtp45643137-21] DEBUG org.mybatis.spring.SqlSessionUtils - Creating a new SqlSession
2018-02-22  08:40:43.685 [qtp45643137-21] DEBUG org.mybatis.spring.SqlSessionUtils - SqlSession [org.apache.ibatis.session.defaults.DefaultSqlSession@2f98c279] was not registered for synchronization because synchronization is not active
2018-02-22  08:40:43.712 [qtp45643137-21] DEBUG org.mybatis.spring.transaction.SpringManagedTransaction - JDBC Connection [com.mysql.jdbc.JDBC4Connection@559d2c42] will not be managed by Spring
2018-02-22  08:40:43.714 [qtp45643137-21] DEBUG com.makerpol.dao.UserMapper.getUserByName - ooo Using Connection [com.mysql.jdbc.JDBC4Connection@559d2c42]
2018-02-22  08:40:43.718 [qtp45643137-21] DEBUG com.makerpol.dao.UserMapper.getUserByName - ==>  Preparing: select * from tb_user where name = ? 
2018-02-22  08:40:43.738 [qtp45643137-21] DEBUG com.makerpol.dao.UserMapper.getUserByName - ==> Parameters: admin(String)
2018-02-22  08:40:43.748 [qtp45643137-21] DEBUG org.mybatis.spring.SqlSessionUtils - Closing non transactional SqlSession [org.apache.ibatis.session.defaults.DefaultSqlSession@2f98c279]
2018-02-22  10:17:35.097 [main] DEBUG org.apache.ibatis.logging.LogFactory - Logging initialized using 'org.apache.ibatis.logging.slf4j.Slf4jImpl' adapter.
2018-02-22  10:17:35.180 [main] DEBUG org.mybatis.spring.SqlSessionFactoryBean - Parsed configuration file: 'class path resource [spring-mybatis.xml]'
2018-02-22  10:17:35.387 [main] DEBUG org.mybatis.spring.SqlSessionFactoryBean - Parsed mapper file: 'file [F:\JAVAworkspace\SpringMVC-Maven\target\classes\com\makerpol\mapper\NavMapper.xml]'
2018-02-22  10:17:35.402 [main] DEBUG org.mybatis.spring.SqlSessionFactoryBean - Parsed mapper file: 'file [F:\JAVAworkspace\SpringMVC-Maven\target\classes\com\makerpol\mapper\PaperMapper.xml]'
2018-02-22  10:17:35.411 [main] DEBUG org.mybatis.spring.SqlSessionFactoryBean - Parsed mapper file: 'file [F:\JAVAworkspace\SpringMVC-Maven\target\classes\com\makerpol\mapper\UserMapper.xml]'
2018-02-22  16:10:58.136 [main] DEBUG org.apache.ibatis.logging.LogFactory - Logging initialized using 'org.apache.ibatis.logging.slf4j.Slf4jImpl' adapter.
2018-02-22  16:10:58.230 [main] DEBUG org.mybatis.spring.SqlSessionFactoryBean - Parsed configuration file: 'class path resource [spring-mybatis.xml]'
2018-02-22  16:10:58.478 [main] DEBUG org.mybatis.spring.SqlSessionFactoryBean - Parsed mapper file: 'file [F:\JAVAworkspace\SpringMVC-Maven\target\classes\com\makerpol\mapper\NavMapper.xml]'
2018-02-22  16:10:58.501 [main] DEBUG org.mybatis.spring.SqlSessionFactoryBean - Parsed mapper file: 'file [F:\JAVAworkspace\SpringMVC-Maven\target\classes\com\makerpol\mapper\PaperMapper.xml]'
2018-02-22  16:10:58.528 [main] DEBUG org.mybatis.spring.SqlSessionFactoryBean - Parsed configuration file: 'class path resource [spring-mybatis.xml]'
2018-02-22  16:10:58.544 [main] DEBUG org.mybatis.spring.SqlSessionFactoryBean - Parsed mapper file: 'file [F:\JAVAworkspace\SpringMVC-Maven\target\classes\com\makerpol\mapper\NavMapper.xml]'
2018-02-22  16:10:58.556 [main] DEBUG org.mybatis.spring.SqlSessionFactoryBean - Parsed mapper file: 'file [F:\JAVAworkspace\SpringMVC-Maven\target\classes\com\makerpol\mapper\PaperMapper.xml]'
2018-02-22  16:10:58.573 [main] DEBUG org.mybatis.spring.SqlSessionFactoryBean - Parsed configuration file: 'class path resource [spring-mybatis.xml]'
2018-02-22  16:10:58.589 [main] DEBUG org.mybatis.spring.SqlSessionFactoryBean - Parsed mapper file: 'file [F:\JAVAworkspace\SpringMVC-Maven\target\classes\com\makerpol\mapper\NavMapper.xml]'
2018-02-22  16:10:58.602 [main] DEBUG org.mybatis.spring.SqlSessionFactoryBean - Parsed mapper file: 'file [F:\JAVAworkspace\SpringMVC-Maven\target\classes\com\makerpol\mapper\PaperMapper.xml]'
2018-02-22  16:10:58.618 [main] DEBUG org.mybatis.spring.SqlSessionFactoryBean - Parsed configuration file: 'class path resource [spring-mybatis.xml]'
2018-02-22  16:10:58.698 [main] DEBUG org.mybatis.spring.SqlSessionFactoryBean - Parsed mapper file: 'file [F:\JAVAworkspace\SpringMVC-Maven\target\classes\com\makerpol\mapper\NavMapper.xml]'
2018-02-22  16:10:58.709 [main] DEBUG org.mybatis.spring.SqlSessionFactoryBean - Parsed mapper file: 'file [F:\JAVAworkspace\SpringMVC-Maven\target\classes\com\makerpol\mapper\PaperMapper.xml]'
2018-02-22  16:10:58.724 [main] DEBUG org.mybatis.spring.SqlSessionFactoryBean - Parsed configuration file: 'class path resource [spring-mybatis.xml]'
2018-02-22  16:10:58.744 [main] DEBUG org.mybatis.spring.SqlSessionFactoryBean - Parsed mapper file: 'file [F:\JAVAworkspace\SpringMVC-Maven\target\classes\com\makerpol\mapper\NavMapper.xml]'
2018-02-22  16:10:58.753 [main] DEBUG org.mybatis.spring.SqlSessionFactoryBean - Parsed mapper file: 'file [F:\JAVAworkspace\SpringMVC-Maven\target\classes\com\makerpol\mapper\PaperMapper.xml]'
2018-02-22  16:10:58.770 [main] DEBUG org.mybatis.spring.SqlSessionFactoryBean - Parsed configuration file: 'class path resource [spring-mybatis.xml]'
2018-02-22  16:10:58.785 [main] DEBUG org.mybatis.spring.SqlSessionFactoryBean - Parsed mapper file: 'file [F:\JAVAworkspace\SpringMVC-Maven\target\classes\com\makerpol\mapper\NavMapper.xml]'
2018-02-22  16:10:58.791 [main] DEBUG org.mybatis.spring.SqlSessionFactoryBean - Parsed mapper file: 'file [F:\JAVAworkspace\SpringMVC-Maven\target\classes\com\makerpol\mapper\PaperMapper.xml]'
2018-02-22  16:10:58.808 [main] DEBUG org.mybatis.spring.SqlSessionFactoryBean - Parsed configuration file: 'class path resource [spring-mybatis.xml]'
2018-02-22  16:10:58.821 [main] DEBUG org.mybatis.spring.SqlSessionFactoryBean - Parsed mapper file: 'file [F:\JAVAworkspace\SpringMVC-Maven\target\classes\com\makerpol\mapper\NavMapper.xml]'
2018-02-22  16:10:58.827 [main] DEBUG org.mybatis.spring.SqlSessionFactoryBean - Parsed mapper file: 'file [F:\JAVAworkspace\SpringMVC-Maven\target\classes\com\makerpol\mapper\PaperMapper.xml]'
2018-02-22  16:10:58.837 [main] DEBUG org.mybatis.spring.SqlSessionFactoryBean - Parsed configuration file: 'class path resource [spring-mybatis.xml]'
2018-02-22  16:10:58.851 [main] DEBUG org.mybatis.spring.SqlSessionFactoryBean - Parsed mapper file: 'file [F:\JAVAworkspace\SpringMVC-Maven\target\classes\com\makerpol\mapper\NavMapper.xml]'
2018-02-22  16:10:58.858 [main] DEBUG org.mybatis.spring.SqlSessionFactoryBean - Parsed mapper file: 'file [F:\JAVAworkspace\SpringMVC-Maven\target\classes\com\makerpol\mapper\PaperMapper.xml]'
2018-02-22  16:10:58.868 [main] DEBUG org.mybatis.spring.SqlSessionFactoryBean - Parsed configuration file: 'class path resource [spring-mybatis.xml]'
2018-02-22  16:10:58.877 [main] DEBUG org.mybatis.spring.SqlSessionFactoryBean - Parsed mapper file: 'file [F:\JAVAworkspace\SpringMVC-Maven\target\classes\com\makerpol\mapper\NavMapper.xml]'
2018-02-22  16:10:58.883 [main] DEBUG org.mybatis.spring.SqlSessionFactoryBean - Parsed mapper file: 'file [F:\JAVAworkspace\SpringMVC-Maven\target\classes\com\makerpol\mapper\PaperMapper.xml]'
2018-02-22  16:13:27.262 [main] DEBUG org.apache.ibatis.logging.LogFactory - Logging initialized using 'org.apache.ibatis.logging.slf4j.Slf4jImpl' adapter.
2018-02-22  16:13:27.357 [main] DEBUG org.mybatis.spring.SqlSessionFactoryBean - Parsed configuration file: 'class path resource [spring-mybatis.xml]'
2018-02-22  16:13:27.568 [main] DEBUG org.mybatis.spring.SqlSessionFactoryBean - Parsed mapper file: 'file [F:\JAVAworkspace\SpringMVC-Maven\target\classes\com\makerpol\mapper\NavMapper.xml]'
2018-02-22  16:13:27.585 [main] DEBUG org.mybatis.spring.SqlSessionFactoryBean - Parsed mapper file: 'file [F:\JAVAworkspace\SpringMVC-Maven\target\classes\com\makerpol\mapper\PaperMapper.xml]'
2018-02-22  16:13:27.597 [main] DEBUG org.mybatis.spring.SqlSessionFactoryBean - Parsed mapper file: 'file [F:\JAVAworkspace\SpringMVC-Maven\target\classes\com\makerpol\mapper\UserMapper.xml]'
2018-02-22  16:15:09.090 [main] DEBUG org.apache.ibatis.logging.LogFactory - Logging initialized using 'org.apache.ibatis.logging.slf4j.Slf4jImpl' adapter.
2018-02-22  16:15:09.181 [main] DEBUG org.mybatis.spring.SqlSessionFactoryBean - Parsed configuration file: 'class path resource [spring-mybatis.xml]'
2018-02-22  16:15:09.405 [main] DEBUG org.mybatis.spring.SqlSessionFactoryBean - Parsed mapper file: 'file [F:\JAVAworkspace\SpringMVC-Maven\target\classes\com\makerpol\mapper\NavMapper.xml]'
2018-02-22  16:15:09.422 [main] DEBUG org.mybatis.spring.SqlSessionFactoryBean - Parsed mapper file: 'file [F:\JAVAworkspace\SpringMVC-Maven\target\classes\com\makerpol\mapper\PaperMapper.xml]'
2018-02-22  16:15:09.434 [main] DEBUG org.mybatis.spring.SqlSessionFactoryBean - Parsed mapper file: 'file [F:\JAVAworkspace\SpringMVC-Maven\target\classes\com\makerpol\mapper\UserMapper.xml]'
2018-02-22  16:20:02.182 [main] DEBUG org.apache.ibatis.logging.LogFactory - Logging initialized using 'org.apache.ibatis.logging.slf4j.Slf4jImpl' adapter.
2018-02-22  16:20:02.276 [main] DEBUG org.mybatis.spring.SqlSessionFactoryBean - Parsed configuration file: 'class path resource [spring-mybatis.xml]'
2018-02-22  16:20:02.494 [main] DEBUG org.mybatis.spring.SqlSessionFactoryBean - Parsed mapper file: 'file [F:\JAVAworkspace\SpringMVC-Maven\target\classes\com\makerpol\mapper\NavMapper.xml]'
2018-02-22  16:20:02.511 [main] DEBUG org.mybatis.spring.SqlSessionFactoryBean - Parsed mapper file: 'file [F:\JAVAworkspace\SpringMVC-Maven\target\classes\com\makerpol\mapper\PaperMapper.xml]'
2018-02-22  16:20:02.525 [main] DEBUG org.mybatis.spring.SqlSessionFactoryBean - Parsed mapper file: 'file [F:\JAVAworkspace\SpringMVC-Maven\target\classes\com\makerpol\mapper\UserMapper.xml]'
2018-02-22  16:23:10.077 [main] DEBUG org.apache.ibatis.logging.LogFactory - Logging initialized using 'org.apache.ibatis.logging.slf4j.Slf4jImpl' adapter.
2018-02-22  16:23:10.160 [main] DEBUG org.mybatis.spring.SqlSessionFactoryBean - Parsed configuration file: 'class path resource [spring-mybatis.xml]'
2018-02-22  16:23:10.368 [main] DEBUG org.mybatis.spring.SqlSessionFactoryBean - Parsed mapper file: 'file [F:\JAVAworkspace\SpringMVC-Maven\target\classes\com\makerpol\mapper\NavMapper.xml]'
2018-02-22  16:23:10.382 [main] DEBUG org.mybatis.spring.SqlSessionFactoryBean - Parsed mapper file: 'file [F:\JAVAworkspace\SpringMVC-Maven\target\classes\com\makerpol\mapper\PaperMapper.xml]'
2018-02-22  16:23:10.393 [main] DEBUG org.mybatis.spring.SqlSessionFactoryBean - Parsed mapper file: 'file [F:\JAVAworkspace\SpringMVC-Maven\target\classes\com\makerpol\mapper\UserMapper.xml]'
2018-02-22  16:23:25.086 [qtp1715686600-15] DEBUG com.makerpol.Interceptor.BaseInterceptor - URL : /sendVerifyCode.do
2018-02-22  16:23:25.086 [qtp1715686600-15] DEBUG com.makerpol.Interceptor.BaseInterceptor - retuen login page!
2018-02-22  16:28:43.387 [main] DEBUG org.apache.ibatis.logging.LogFactory - Logging initialized using 'org.apache.ibatis.logging.slf4j.Slf4jImpl' adapter.
2018-02-22  16:28:43.471 [main] DEBUG org.mybatis.spring.SqlSessionFactoryBean - Parsed configuration file: 'class path resource [spring-mybatis.xml]'
2018-02-22  16:28:43.694 [main] DEBUG org.mybatis.spring.SqlSessionFactoryBean - Parsed mapper file: 'file [F:\JAVAworkspace\SpringMVC-Maven\target\classes\com\makerpol\mapper\NavMapper.xml]'
2018-02-22  16:28:43.712 [main] DEBUG org.mybatis.spring.SqlSessionFactoryBean - Parsed mapper file: 'file [F:\JAVAworkspace\SpringMVC-Maven\target\classes\com\makerpol\mapper\PaperMapper.xml]'
2018-02-22  16:28:43.724 [main] DEBUG org.mybatis.spring.SqlSessionFactoryBean - Parsed mapper file: 'file [F:\JAVAworkspace\SpringMVC-Maven\target\classes\com\makerpol\mapper\UserMapper.xml]'
2018-02-22  16:28:55.417 [qtp1715686600-20] DEBUG org.mybatis.spring.SqlSessionUtils - Creating a new SqlSession
2018-02-22  16:28:55.419 [qtp1715686600-20] DEBUG org.mybatis.spring.SqlSessionUtils - SqlSession [org.apache.ibatis.session.defaults.DefaultSqlSession@395c1a22] was not registered for synchronization because synchronization is not active
2018-02-22  16:28:55.444 [qtp1715686600-20] DEBUG org.mybatis.spring.transaction.SpringManagedTransaction - JDBC Connection [com.mysql.jdbc.JDBC4Connection@532287f4] will not be managed by Spring
2018-02-22  16:28:55.446 [qtp1715686600-20] DEBUG com.makerpol.dao.UserMapper.getUserByEmail - ooo Using Connection [com.mysql.jdbc.JDBC4Connection@532287f4]
2018-02-22  16:28:55.450 [qtp1715686600-20] DEBUG com.makerpol.dao.UserMapper.getUserByEmail - ==>  Preparing: select * from tb_user where email = ? 
2018-02-22  16:28:55.466 [qtp1715686600-20] DEBUG com.makerpol.dao.UserMapper.getUserByEmail - ==> Parameters: 574025348@qq.com(String)
2018-02-22  16:28:55.475 [qtp1715686600-20] DEBUG org.mybatis.spring.SqlSessionUtils - Closing non transactional SqlSession [org.apache.ibatis.session.defaults.DefaultSqlSession@395c1a22]
2018-02-22  17:20:27.826 [main] DEBUG org.apache.ibatis.logging.LogFactory - Logging initialized using 'org.apache.ibatis.logging.slf4j.Slf4jImpl' adapter.
2018-02-22  17:20:27.914 [main] DEBUG org.mybatis.spring.SqlSessionFactoryBean - Parsed configuration file: 'class path resource [spring-mybatis.xml]'
2018-02-22  17:20:28.143 [main] DEBUG org.mybatis.spring.SqlSessionFactoryBean - Parsed mapper file: 'file [F:\JAVAworkspace\SpringMVC-Maven\target\classes\com\makerpol\mapper\NavMapper.xml]'
2018-02-22  17:20:28.161 [main] DEBUG org.mybatis.spring.SqlSessionFactoryBean - Parsed mapper file: 'file [F:\JAVAworkspace\SpringMVC-Maven\target\classes\com\makerpol\mapper\PaperMapper.xml]'
2018-02-22  17:20:28.171 [main] DEBUG org.mybatis.spring.SqlSessionFactoryBean - Parsed mapper file: 'file [F:\JAVAworkspace\SpringMVC-Maven\target\classes\com\makerpol\mapper\UserMapper.xml]'
2018-02-22  17:20:44.872 [qtp1702478809-15] DEBUG org.mybatis.spring.SqlSessionUtils - Creating a new SqlSession
2018-02-22  17:20:44.875 [qtp1702478809-15] DEBUG org.mybatis.spring.SqlSessionUtils - SqlSession [org.apache.ibatis.session.defaults.DefaultSqlSession@25e76f77] was not registered for synchronization because synchronization is not active
2018-02-22  17:20:44.900 [qtp1702478809-15] DEBUG org.mybatis.spring.transaction.SpringManagedTransaction - JDBC Connection [com.mysql.jdbc.JDBC4Connection@48dcee8d] will not be managed by Spring
2018-02-22  17:20:44.902 [qtp1702478809-15] DEBUG com.makerpol.dao.UserMapper.getUserByEmail - ooo Using Connection [com.mysql.jdbc.JDBC4Connection@48dcee8d]
2018-02-22  17:20:44.904 [qtp1702478809-15] DEBUG com.makerpol.dao.UserMapper.getUserByEmail - ==>  Preparing: select * from tb_user where email = ? 
2018-02-22  17:20:44.923 [qtp1702478809-15] DEBUG com.makerpol.dao.UserMapper.getUserByEmail - ==> Parameters: web.zx@outlook.com(String)
2018-02-22  17:20:44.933 [qtp1702478809-15] DEBUG org.mybatis.spring.SqlSessionUtils - Closing non transactional SqlSession [org.apache.ibatis.session.defaults.DefaultSqlSession@25e76f77]
2018-02-22  17:34:32.997 [main] DEBUG org.apache.ibatis.logging.LogFactory - Logging initialized using 'org.apache.ibatis.logging.slf4j.Slf4jImpl' adapter.
2018-02-22  17:34:33.088 [main] DEBUG org.mybatis.spring.SqlSessionFactoryBean - Parsed configuration file: 'class path resource [spring-mybatis.xml]'
2018-02-22  17:34:33.321 [main] DEBUG org.mybatis.spring.SqlSessionFactoryBean - Parsed mapper file: 'file [F:\JAVAworkspace\SpringMVC-Maven\target\classes\com\makerpol\mapper\NavMapper.xml]'
2018-02-22  17:34:33.337 [main] DEBUG org.mybatis.spring.SqlSessionFactoryBean - Parsed mapper file: 'file [F:\JAVAworkspace\SpringMVC-Maven\target\classes\com\makerpol\mapper\PaperMapper.xml]'
2018-02-22  17:34:33.346 [main] DEBUG org.mybatis.spring.SqlSessionFactoryBean - Parsed mapper file: 'file [F:\JAVAworkspace\SpringMVC-Maven\target\classes\com\makerpol\mapper\UserMapper.xml]'
